<?xml version="1.0" encoding="UTF-8"?>
<testng-results ignored="0" total="2" passed="2" failed="0" skipped="0">
  <reporter-output>
  </reporter-output>
  <suite started-at="2024-03-26T19:03:17 IST" name="Default suite" finished-at="2024-03-26T19:03:21 IST" duration-ms="3908">
    <groups>
    </groups>
    <test started-at="2024-03-26T19:03:17 IST" name="Default test" finished-at="2024-03-26T19:03:21 IST" duration-ms="3908">
      <class name="RestAPITests">
        <test-method signature="verifyUser()[pri:0, instance:RestAPITests@7bd4937b]" started-at="2024-03-26T19:03:17 IST" name="verifyUser" description="To get the details of user with id 3" finished-at="2024-03-26T19:03:20 IST" duration-ms="3352" status="PASS">
          <reporter-output>
          </reporter-output>
        </test-method> <!-- verifyUser -->
        <test-method signature="createUser()[pri:1, instance:RestAPITests@7bd4937b]" started-at="2024-03-26T19:03:20 IST" name="createUser" description="To create a new user" finished-at="2024-03-26T19:03:21 IST" duration-ms="478" status="PASS">
          <reporter-output>
          </reporter-output>
        </test-method> <!-- createUser -->
      </class> <!-- RestAPITests -->
    </test> <!-- Default test -->
  </suite> <!-- Default suite -->
</testng-results>
